	Command being timed: "go run source.go"
	User time (seconds): 11.41
	System time (seconds): 2.86
	Percent of CPU this job got: 253%
	Elapsed (wall clock) time (h:mm:ss or m:ss): 0:05.62
	Average shared text size (kbytes): 0
	Average unshared data size (kbytes): 0
	Average stack size (kbytes): 0
	Average total size (kbytes): 0
	Maximum resident set size (kbytes): 215784
	Average resident set size (kbytes): 0
	Major (requiring I/O) page faults: 554
	Minor (reclaiming a frame) page faults: 78357
	Voluntary context switches: 9848
	Involuntary context switches: 5419
	Swaps: 0
	File system inputs: 208
	File system outputs: 112552
	Socket messages sent: 0
	Socket messages received: 0
	Signals delivered: 0
	Page size (bytes): 4096
	Exit status: 0
