	Command being timed: "go run source.go"
	User time (seconds): 0.12
	System time (seconds): 0.16
	Percent of CPU this job got: 133%
	Elapsed (wall clock) time (h:mm:ss or m:ss): 0:00.21
	Average shared text size (kbytes): 0
	Average unshared data size (kbytes): 0
	Average stack size (kbytes): 0
	Average total size (kbytes): 0
	Maximum resident set size (kbytes): 48584
	Average resident set size (kbytes): 0
	Major (requiring I/O) page faults: 544
	Minor (reclaiming a frame) page faults: 7863
	Voluntary context switches: 741
	Involuntary context switches: 135
	Swaps: 0
	File system inputs: 0
	File system outputs: 2584
	Socket messages sent: 0
	Socket messages received: 0
	Signals delivered: 0
	Page size (bytes): 4096
	Exit status: 0
