	Command being timed: "go run source.go"
	User time (seconds): 5.47
	System time (seconds): 0.52
	Percent of CPU this job got: 291%
	Elapsed (wall clock) time (h:mm:ss or m:ss): 0:02.05
	Average shared text size (kbytes): 0
	Average unshared data size (kbytes): 0
	Average stack size (kbytes): 0
	Average total size (kbytes): 0
	Maximum resident set size (kbytes): 219908
	Average resident set size (kbytes): 0
	Major (requiring I/O) page faults: 1021
	Minor (reclaiming a frame) page faults: 76382
	Voluntary context switches: 11284
	Involuntary context switches: 933
	Swaps: 0
	File system inputs: 101104
	File system outputs: 112552
	Socket messages sent: 0
	Socket messages received: 0
	Signals delivered: 0
	Page size (bytes): 4096
	Exit status: 0
