	Command being timed: "node source.js"
	User time (seconds): 0.02
	System time (seconds): 0.02
	Percent of CPU this job got: 40%
	Elapsed (wall clock) time (h:mm:ss or m:ss): 0:00.09
	Average shared text size (kbytes): 0
	Average unshared data size (kbytes): 0
	Average stack size (kbytes): 0
	Average total size (kbytes): 0
	Maximum resident set size (kbytes): 43176
	Average resident set size (kbytes): 0
	Major (requiring I/O) page faults: 392
	Minor (reclaiming a frame) page faults: 2709
	Voluntary context switches: 340
	Involuntary context switches: 0
	Swaps: 0
	File system inputs: 68808
	File system outputs: 0
	Socket messages sent: 0
	Socket messages received: 0
	Signals delivered: 0
	Page size (bytes): 4096
	Exit status: 0
